<?xml version="1.0" encoding="UTF-8"?>
<robot generator="Robot 4.0.2 (Python 3.9.1 on win32)" generated="20210530 21:12:48.318" rpa="false" schemaversion="2">
<suite id="s1" name="Suites">
<suite id="s1-s1" name="Frames" source="C:\Users\40006197\PycharmProjects\robot\TestCases\Frames.robot">
<test id="s1-s1-t1" name="Frames Testing">
<kw name="Open Browser" library="SeleniumLibrary">
<arg>https://www.selenium.dev/selenium/docs/api/java/index.html?overview-summary.html</arg>
<arg>chrome</arg>
<doc>Opens a new browser instance to the optional ``url``.</doc>
<msg timestamp="20210530 21:12:48.710" level="INFO">Opening browser 'chrome' to base url 'https://www.selenium.dev/selenium/docs/api/java/index.html?overview-summary.html'.</msg>
<status status="PASS" starttime="20210530 21:12:48.710" endtime="20210530 21:12:54.579"/>
</kw>
<kw name="Select Frame" library="SeleniumLibrary">
<arg>packageListFrame</arg>
<doc>Sets frame identified by ``locator`` as the current frame.</doc>
<msg timestamp="20210530 21:12:54.580" level="INFO">Selecting frame 'packageListFrame'.</msg>
<status status="PASS" starttime="20210530 21:12:54.580" endtime="20210530 21:12:54.652"/>
</kw>
<kw name="Click Link" library="SeleniumLibrary">
<arg>org.openqa.selenium</arg>
<doc>Clicks a link identified by ``locator``.</doc>
<msg timestamp="20210530 21:12:54.652" level="INFO">Clicking link 'org.openqa.selenium'.</msg>
<status status="PASS" starttime="20210530 21:12:54.652" endtime="20210530 21:12:54.854"/>
</kw>
<kw name="Unselect Frame" library="SeleniumLibrary">
<doc>Sets the main frame as the current frame.</doc>
<status status="PASS" starttime="20210530 21:12:54.854" endtime="20210530 21:12:54.857"/>
</kw>
<kw name="Select Frame" library="SeleniumLibrary">
<arg>classFrame</arg>
<doc>Sets frame identified by ``locator`` as the current frame.</doc>
<msg timestamp="20210530 21:12:54.859" level="INFO">Selecting frame 'classFrame'.</msg>
<status status="PASS" starttime="20210530 21:12:54.858" endtime="20210530 21:12:55.377"/>
</kw>
<kw name="Click Link" library="SeleniumLibrary">
<arg>org.openqa.selenium</arg>
<doc>Clicks a link identified by ``locator``.</doc>
<msg timestamp="20210530 21:12:55.378" level="INFO">Clicking link 'org.openqa.selenium'.</msg>
<status status="PASS" starttime="20210530 21:12:55.377" endtime="20210530 21:12:56.459"/>
</kw>
<kw name="Unselect Frame" library="SeleniumLibrary">
<doc>Sets the main frame as the current frame.</doc>
<kw name="Capture Page Screenshot" library="SeleniumLibrary">
<doc>Takes a screenshot of the current page and embeds it into a log file.</doc>
<msg timestamp="20210530 21:12:56.475" level="FAIL">NoSuchWindowException: Message: no such window: target window already closed
from unknown error: web view not found
  (Session info: chrome=91.0.4472.77)
</msg>
<status status="FAIL" starttime="20210530 21:12:56.463" endtime="20210530 21:12:56.476"/>
</kw>
<msg timestamp="20210530 21:12:56.476" level="WARN">Keyword 'Capture Page Screenshot' could not be run on failure: NoSuchWindowException: Message: no such window: target window already closed
from unknown error: web view not found
  (Session info: chrome=91.0.4472.77)
</msg>
<msg timestamp="20210530 21:12:56.695" level="FAIL">NoSuchWindowException: Message: no such window: target window already closed
from unknown error: web view not found
  (Session info: chrome=91.0.4472.77)
</msg>
<status status="FAIL" starttime="20210530 21:12:56.460" endtime="20210530 21:12:56.695"/>
</kw>
<status status="FAIL" starttime="20210530 21:12:48.708" endtime="20210530 21:12:56.695">NoSuchWindowException: Message: no such window: target window already closed
from unknown error: web view not found
  (Session info: chrome=91.0.4472.77)
</status>
</test>
<status status="FAIL" starttime="20210530 21:12:48.364" endtime="20210530 21:12:56.778"/>
</suite>
<status status="FAIL" starttime="20210530 21:12:48.320" endtime="20210530 21:12:56.780"/>
</suite>
<statistics>
<total>
<stat pass="0" fail="1" skip="0">All Tests</stat>
</total>
<tag>
</tag>
<suite>
<stat pass="0" fail="1" skip="0" id="s1" name="Suites">Suites</stat>
<stat pass="0" fail="1" skip="0" id="s1-s1" name="Frames">Suites.Frames</stat>
</suite>
</statistics>
<errors>
<msg timestamp="20210530 21:12:56.476" level="WARN">Keyword 'Capture Page Screenshot' could not be run on failure: NoSuchWindowException: Message: no such window: target window already closed
from unknown error: web view not found
  (Session info: chrome=91.0.4472.77)
</msg>
</errors>
</robot>
