<?xml version="1.0" encoding="UTF-8"?>
<robot generator="Robot 4.0.2 (Python 3.9.1 on win32)" generated="20210530 21:12:25.444" rpa="false" schemaversion="2">
<suite id="s1" name="Suites">
<suite id="s1-s1" name="DataDrivenTesting" source="C:\Users\40006197\PycharmProjects\robot\TestCases\DataDrivenTesting.robot">
<kw name="Open my browser" library="Testdata" type="SETUP">
<kw name="Open Browser" library="SeleniumLibrary">
<arg>${url}</arg>
<arg>${browser}</arg>
<doc>Opens a new browser instance to the optional ``url``.</doc>
<msg timestamp="20210530 21:12:25.753" level="INFO">Opening browser 'chrome' to base url 'https://admin-demo.nopcommerce.com'.</msg>
<status status="PASS" starttime="20210530 21:12:25.753" endtime="20210530 21:12:37.433"/>
</kw>
<kw name="Maximize Browser Window" library="SeleniumLibrary">
<doc>Maximizes current browser window.</doc>
<status status="PASS" starttime="20210530 21:12:37.433" endtime="20210530 21:12:37.564"/>
</kw>
<status status="PASS" starttime="20210530 21:12:25.753" endtime="20210530 21:12:37.564"/>
</kw>
<test id="s1-s1-t1" name="Right user empty pwd">
<kw name="Invalid login">
<arg>admin@yourstore.com</arg>
<arg>${EMPTY}</arg>
<kw name="Input username" library="Testdata">
<arg>${username}</arg>
<kw name="Input Text" library="SeleniumLibrary">
<arg>id:Email</arg>
<arg>${username}</arg>
<doc>Types the given ``text`` into the text field identified by ``locator``.</doc>
<msg timestamp="20210530 21:12:37.566" level="INFO">Typing text 'admin@yourstore.com' into text field 'id:Email'.</msg>
<status status="PASS" starttime="20210530 21:12:37.566" endtime="20210530 21:12:37.723"/>
</kw>
<status status="PASS" starttime="20210530 21:12:37.566" endtime="20210530 21:12:37.723"/>
</kw>
<kw name="Input password" library="Testdata">
<arg>${password}</arg>
<kw name="Input Text" library="SeleniumLibrary">
<arg>id:Password</arg>
<arg>${password}</arg>
<doc>Types the given ``text`` into the text field identified by ``locator``.</doc>
<msg timestamp="20210530 21:12:37.724" level="INFO">Typing text '' into text field 'id:Password'.</msg>
<status status="PASS" starttime="20210530 21:12:37.724" endtime="20210530 21:12:37.827"/>
</kw>
<status status="PASS" starttime="20210530 21:12:37.723" endtime="20210530 21:12:37.828"/>
</kw>
<kw name="Click login button" library="Testdata">
<kw name="Click Element" library="SeleniumLibrary">
<arg>xpath://button[@type='submit']</arg>
<doc>Click the element identified by ``locator``.</doc>
<msg timestamp="20210530 21:12:37.828" level="INFO">Clicking element 'xpath://button[@type='submit']'.</msg>
<status status="PASS" starttime="20210530 21:12:37.828" endtime="20210530 21:12:39.587"/>
</kw>
<status status="PASS" starttime="20210530 21:12:37.828" endtime="20210530 21:12:39.587"/>
</kw>
<kw name="Error message should be visible" library="Testdata">
<kw name="Page Should Contain" library="SeleniumLibrary">
<arg>Login was unsuccessful</arg>
<doc>Verifies that current page contains ``text``.</doc>
<msg timestamp="20210530 21:12:39.618" level="INFO">Current page contains text 'Login was unsuccessful'.</msg>
<status status="PASS" starttime="20210530 21:12:39.588" endtime="20210530 21:12:39.618"/>
</kw>
<status status="PASS" starttime="20210530 21:12:39.588" endtime="20210530 21:12:39.618"/>
</kw>
<status status="PASS" starttime="20210530 21:12:37.565" endtime="20210530 21:12:39.619"/>
</kw>
<status status="PASS" starttime="20210530 21:12:37.564" endtime="20210530 21:12:39.619"/>
</test>
<test id="s1-s1-t2" name="Right user wrong pwd">
<kw name="Invalid login">
<arg>admin@yourstore.com</arg>
<arg>xyz</arg>
<kw name="Input username" library="Testdata">
<arg>${username}</arg>
<kw name="Input Text" library="SeleniumLibrary">
<arg>id:Email</arg>
<arg>${username}</arg>
<doc>Types the given ``text`` into the text field identified by ``locator``.</doc>
<msg timestamp="20210530 21:12:39.730" level="INFO">Typing text 'admin@yourstore.com' into text field 'id:Email'.</msg>
<status status="PASS" starttime="20210530 21:12:39.729" endtime="20210530 21:12:39.892"/>
</kw>
<status status="PASS" starttime="20210530 21:12:39.728" endtime="20210530 21:12:39.893"/>
</kw>
<kw name="Input password" library="Testdata">
<arg>${password}</arg>
<kw name="Input Text" library="SeleniumLibrary">
<arg>id:Password</arg>
<arg>${password}</arg>
<doc>Types the given ``text`` into the text field identified by ``locator``.</doc>
<msg timestamp="20210530 21:12:39.895" level="INFO">Typing text 'xyz' into text field 'id:Password'.</msg>
<status status="PASS" starttime="20210530 21:12:39.894" endtime="20210530 21:12:40.034"/>
</kw>
<status status="PASS" starttime="20210530 21:12:39.893" endtime="20210530 21:12:40.034"/>
</kw>
<kw name="Click login button" library="Testdata">
<kw name="Click Element" library="SeleniumLibrary">
<arg>xpath://button[@type='submit']</arg>
<doc>Click the element identified by ``locator``.</doc>
<msg timestamp="20210530 21:12:40.035" level="INFO">Clicking element 'xpath://button[@type='submit']'.</msg>
<status status="PASS" starttime="20210530 21:12:40.035" endtime="20210530 21:12:40.658"/>
</kw>
<status status="PASS" starttime="20210530 21:12:40.035" endtime="20210530 21:12:40.659"/>
</kw>
<kw name="Error message should be visible" library="Testdata">
<kw name="Page Should Contain" library="SeleniumLibrary">
<arg>Login was unsuccessful</arg>
<doc>Verifies that current page contains ``text``.</doc>
<msg timestamp="20210530 21:12:40.677" level="INFO">Current page contains text 'Login was unsuccessful'.</msg>
<status status="PASS" starttime="20210530 21:12:40.660" endtime="20210530 21:12:40.677"/>
</kw>
<status status="PASS" starttime="20210530 21:12:40.659" endtime="20210530 21:12:40.677"/>
</kw>
<status status="PASS" starttime="20210530 21:12:39.727" endtime="20210530 21:12:40.678"/>
</kw>
<status status="PASS" starttime="20210530 21:12:39.669" endtime="20210530 21:12:40.678"/>
</test>
<test id="s1-s1-t3" name="Wrong user right pwd">
<kw name="Invalid login">
<arg>adm@yourstore.com</arg>
<arg>admin</arg>
<kw name="Input username" library="Testdata">
<arg>${username}</arg>
<kw name="Input Text" library="SeleniumLibrary">
<arg>id:Email</arg>
<arg>${username}</arg>
<doc>Types the given ``text`` into the text field identified by ``locator``.</doc>
<msg timestamp="20210530 21:12:40.681" level="INFO">Typing text 'adm@yourstore.com' into text field 'id:Email'.</msg>
<status status="PASS" starttime="20210530 21:12:40.680" endtime="20210530 21:12:40.804"/>
</kw>
<status status="PASS" starttime="20210530 21:12:40.680" endtime="20210530 21:12:40.805"/>
</kw>
<kw name="Input password" library="Testdata">
<arg>${password}</arg>
<kw name="Input Text" library="SeleniumLibrary">
<arg>id:Password</arg>
<arg>${password}</arg>
<doc>Types the given ``text`` into the text field identified by ``locator``.</doc>
<msg timestamp="20210530 21:12:40.806" level="INFO">Typing text 'admin' into text field 'id:Password'.</msg>
<status status="PASS" starttime="20210530 21:12:40.805" endtime="20210530 21:12:40.909"/>
</kw>
<status status="PASS" starttime="20210530 21:12:40.805" endtime="20210530 21:12:40.910"/>
</kw>
<kw name="Click login button" library="Testdata">
<kw name="Click Element" library="SeleniumLibrary">
<arg>xpath://button[@type='submit']</arg>
<doc>Click the element identified by ``locator``.</doc>
<msg timestamp="20210530 21:12:40.911" level="INFO">Clicking element 'xpath://button[@type='submit']'.</msg>
<status status="PASS" starttime="20210530 21:12:40.911" endtime="20210530 21:12:42.646"/>
</kw>
<status status="PASS" starttime="20210530 21:12:40.910" endtime="20210530 21:12:42.647"/>
</kw>
<kw name="Error message should be visible" library="Testdata">
<kw name="Page Should Contain" library="SeleniumLibrary">
<arg>Login was unsuccessful</arg>
<doc>Verifies that current page contains ``text``.</doc>
<kw name="Capture Page Screenshot" library="SeleniumLibrary">
<doc>Takes a screenshot of the current page and embeds it into a log file.</doc>
<msg timestamp="20210530 21:12:42.679" level="FAIL">NoSuchWindowException: Message: no such window: target window already closed
from unknown error: web view not found
  (Session info: chrome=91.0.4472.77)
</msg>
<status status="FAIL" starttime="20210530 21:12:42.654" endtime="20210530 21:12:42.679"/>
</kw>
<msg timestamp="20210530 21:12:42.679" level="WARN">Keyword 'Capture Page Screenshot' could not be run on failure: NoSuchWindowException: Message: no such window: target window already closed
from unknown error: web view not found
  (Session info: chrome=91.0.4472.77)
</msg>
<msg timestamp="20210530 21:12:42.981" level="FAIL">NoSuchWindowException: Message: no such window: target window already closed
from unknown error: web view not found
  (Session info: chrome=91.0.4472.77)
</msg>
<status status="FAIL" starttime="20210530 21:12:42.649" endtime="20210530 21:12:42.981"/>
</kw>
<status status="FAIL" starttime="20210530 21:12:42.647" endtime="20210530 21:12:42.981"/>
</kw>
<status status="FAIL" starttime="20210530 21:12:40.679" endtime="20210530 21:12:42.982"/>
</kw>
<status status="FAIL" starttime="20210530 21:12:40.678" endtime="20210530 21:12:42.982">NoSuchWindowException: Message: no such window: target window already closed
from unknown error: web view not found
  (Session info: chrome=91.0.4472.77)
</status>
</test>
<test id="s1-s1-t4" name="Wrong user empty pwd">
<kw name="Invalid login">
<arg>adm@yourstore.com</arg>
<arg>${EMPTY}</arg>
<kw name="Input username" library="Testdata">
<arg>${username}</arg>
<kw name="Input Text" library="SeleniumLibrary">
<arg>id:Email</arg>
<arg>${username}</arg>
<doc>Types the given ``text`` into the text field identified by ``locator``.</doc>
<msg timestamp="20210530 21:12:42.985" level="INFO">Typing text 'adm@yourstore.com' into text field 'id:Email'.</msg>
<kw name="Capture Page Screenshot" library="SeleniumLibrary">
<doc>Takes a screenshot of the current page and embeds it into a log file.</doc>
<msg timestamp="20210530 21:12:42.992" level="FAIL">NoSuchWindowException: Message: no such window: target window already closed
from unknown error: web view not found
  (Session info: chrome=91.0.4472.77)
</msg>
<status status="FAIL" starttime="20210530 21:12:42.987" endtime="20210530 21:12:42.992"/>
</kw>
<msg timestamp="20210530 21:12:42.992" level="WARN">Keyword 'Capture Page Screenshot' could not be run on failure: NoSuchWindowException: Message: no such window: target window already closed
from unknown error: web view not found
  (Session info: chrome=91.0.4472.77)
</msg>
<msg timestamp="20210530 21:12:43.233" level="FAIL">NoSuchWindowException: Message: no such window: target window already closed
from unknown error: web view not found
  (Session info: chrome=91.0.4472.77)
</msg>
<status status="FAIL" starttime="20210530 21:12:42.984" endtime="20210530 21:12:43.233"/>
</kw>
<status status="FAIL" starttime="20210530 21:12:42.984" endtime="20210530 21:12:43.233"/>
</kw>
<kw name="Input password" library="Testdata">
<arg>${password}</arg>
<status status="NOT RUN" starttime="20210530 21:12:43.233" endtime="20210530 21:12:43.234"/>
</kw>
<kw name="Click login button" library="Testdata">
<status status="NOT RUN" starttime="20210530 21:12:43.234" endtime="20210530 21:12:43.234"/>
</kw>
<kw name="Error message should be visible" library="Testdata">
<status status="NOT RUN" starttime="20210530 21:12:43.234" endtime="20210530 21:12:43.234"/>
</kw>
<status status="FAIL" starttime="20210530 21:12:42.983" endtime="20210530 21:12:43.234"/>
</kw>
<status status="FAIL" starttime="20210530 21:12:42.982" endtime="20210530 21:12:43.234">NoSuchWindowException: Message: no such window: target window already closed
from unknown error: web view not found
  (Session info: chrome=91.0.4472.77)
</status>
</test>
<test id="s1-s1-t5" name="Wrong user wrong pwd">
<kw name="Invalid login">
<arg>adm@yourstore.com</arg>
<arg>xyz</arg>
<kw name="Input username" library="Testdata">
<arg>${username}</arg>
<kw name="Input Text" library="SeleniumLibrary">
<arg>id:Email</arg>
<arg>${username}</arg>
<doc>Types the given ``text`` into the text field identified by ``locator``.</doc>
<msg timestamp="20210530 21:12:43.236" level="INFO">Typing text 'adm@yourstore.com' into text field 'id:Email'.</msg>
<kw name="Capture Page Screenshot" library="SeleniumLibrary">
<doc>Takes a screenshot of the current page and embeds it into a log file.</doc>
<msg timestamp="20210530 21:12:43.243" level="FAIL">NoSuchWindowException: Message: no such window: target window already closed
from unknown error: web view not found
  (Session info: chrome=91.0.4472.77)
</msg>
<status status="FAIL" starttime="20210530 21:12:43.238" endtime="20210530 21:12:43.244"/>
</kw>
<msg timestamp="20210530 21:12:43.244" level="WARN">Keyword 'Capture Page Screenshot' could not be run on failure: NoSuchWindowException: Message: no such window: target window already closed
from unknown error: web view not found
  (Session info: chrome=91.0.4472.77)
</msg>
<msg timestamp="20210530 21:12:43.246" level="FAIL">NoSuchWindowException: Message: no such window: target window already closed
from unknown error: web view not found
  (Session info: chrome=91.0.4472.77)
</msg>
<status status="FAIL" starttime="20210530 21:12:43.236" endtime="20210530 21:12:43.246"/>
</kw>
<status status="FAIL" starttime="20210530 21:12:43.235" endtime="20210530 21:12:43.247"/>
</kw>
<kw name="Input password" library="Testdata">
<arg>${password}</arg>
<status status="NOT RUN" starttime="20210530 21:12:43.247" endtime="20210530 21:12:43.247"/>
</kw>
<kw name="Click login button" library="Testdata">
<status status="NOT RUN" starttime="20210530 21:12:43.247" endtime="20210530 21:12:43.247"/>
</kw>
<kw name="Error message should be visible" library="Testdata">
<status status="NOT RUN" starttime="20210530 21:12:43.247" endtime="20210530 21:12:43.247"/>
</kw>
<status status="FAIL" starttime="20210530 21:12:43.235" endtime="20210530 21:12:43.247"/>
</kw>
<status status="FAIL" starttime="20210530 21:12:43.235" endtime="20210530 21:12:43.248">NoSuchWindowException: Message: no such window: target window already closed
from unknown error: web view not found
  (Session info: chrome=91.0.4472.77)
</status>
</test>
<kw name="Close my browser" library="Testdata" type="TEARDOWN">
<kw name="Close All Browsers" library="SeleniumLibrary">
<doc>Closes all open browsers and resets the browser cache.</doc>
<status status="PASS" starttime="20210530 21:12:43.249" endtime="20210530 21:12:45.875"/>
</kw>
<status status="PASS" starttime="20210530 21:12:43.248" endtime="20210530 21:12:45.875"/>
</kw>
<status status="FAIL" starttime="20210530 21:12:25.517" endtime="20210530 21:12:45.875"/>
</suite>
<status status="FAIL" starttime="20210530 21:12:25.492" endtime="20210530 21:12:45.877"/>
</suite>
<statistics>
<total>
<stat pass="2" fail="3" skip="0">All Tests</stat>
</total>
<tag>
</tag>
<suite>
<stat pass="2" fail="3" skip="0" id="s1" name="Suites">Suites</stat>
<stat pass="2" fail="3" skip="0" id="s1-s1" name="DataDrivenTesting">Suites.DataDrivenTesting</stat>
</suite>
</statistics>
<errors>
<msg timestamp="20210530 21:12:25.521" level="ERROR">Error in file 'C:\Users\40006197\PycharmProjects\robot\TestCases\DataDrivenTesting.robot' on line 2: Importing library 'Selenium Library' failed: ModuleNotFoundError: No module named 'Selenium Library'
Traceback (most recent call last):
  None
PYTHONPATH:
  C:\Users\40006197\AppData\Local\Programs\Python\Python39\Scripts\robot.exe
  c:\users\40006197\appdata\local\programs\python\python39\python39.zip
  c:\users\40006197\appdata\local\programs\python\python39\DLLs
  c:\users\40006197\appdata\local\programs\python\python39\lib
  c:\users\40006197\appdata\local\programs\python\python39
  c:\users\40006197\appdata\local\programs\python\python39\lib\site-packages</msg>
<msg timestamp="20210530 21:12:42.679" level="WARN">Keyword 'Capture Page Screenshot' could not be run on failure: NoSuchWindowException: Message: no such window: target window already closed
from unknown error: web view not found
  (Session info: chrome=91.0.4472.77)
</msg>
<msg timestamp="20210530 21:12:42.992" level="WARN">Keyword 'Capture Page Screenshot' could not be run on failure: NoSuchWindowException: Message: no such window: target window already closed
from unknown error: web view not found
  (Session info: chrome=91.0.4472.77)
</msg>
<msg timestamp="20210530 21:12:43.244" level="WARN">Keyword 'Capture Page Screenshot' could not be run on failure: NoSuchWindowException: Message: no such window: target window already closed
from unknown error: web view not found
  (Session info: chrome=91.0.4472.77)
</msg>
</errors>
</robot>
