<?xml version="1.0" encoding="UTF-8"?>
<robot generator="Robot 4.0.2 (Python 3.9.1 on win32)" generated="20210530 21:13:47.094" rpa="false" schemaversion="2">
<suite id="s1" name="Suites">
<suite id="s1-s1" name="Waits" source="C:\Users\40006197\PycharmProjects\robot\TestCases\Waits.robot">
<test id="s1-s1-t1" name="Testcases related to waits">
<kw name="Open Browser" library="SeleniumLibrary">
<arg>http://demowebshop.tricentis.com/register</arg>
<arg>chrome</arg>
<doc>Opens a new browser instance to the optional ``url``.</doc>
<msg timestamp="20210530 21:13:47.372" level="INFO">Opening browser 'chrome' to base url 'http://demowebshop.tricentis.com/register'.</msg>
<status status="PASS" starttime="20210530 21:13:47.372" endtime="20210530 21:14:09.763"/>
</kw>
<kw name="Maximize Browser Window" library="SeleniumLibrary">
<doc>Maximizes current browser window.</doc>
<status status="PASS" starttime="20210530 21:14:09.763" endtime="20210530 21:14:09.884"/>
</kw>
<kw name="Set Selenium Implicit Wait" library="SeleniumLibrary">
<arg>2 seconds</arg>
<doc>Sets the implicit wait value used by Selenium.</doc>
<status status="PASS" starttime="20210530 21:14:09.884" endtime="20210530 21:14:09.886"/>
</kw>
<kw name="Set Selenium Speed" library="SeleniumLibrary">
<arg>2seconds</arg>
<doc>Sets the delay that is waited after each Selenium command.</doc>
<status status="PASS" starttime="20210530 21:14:09.886" endtime="20210530 21:14:09.886"/>
</kw>
<kw name="Select Radio Button" library="SeleniumLibrary">
<arg>Gender</arg>
<arg>F</arg>
<doc>Sets the radio button group ``group_name`` to ``value``.</doc>
<msg timestamp="20210530 21:14:09.887" level="INFO">Selecting 'F' from radio button 'Gender'.</msg>
<kw name="Capture Page Screenshot" library="SeleniumLibrary">
<doc>Takes a screenshot of the current page and embeds it into a log file.</doc>
<msg timestamp="20210530 21:14:21.949" level="FAIL">WebDriverException: Message: chrome not reachable
  (Session info: chrome=91.0.4472.77)
</msg>
<status status="FAIL" starttime="20210530 21:14:17.933" endtime="20210530 21:14:21.950"/>
</kw>
<msg timestamp="20210530 21:14:21.950" level="WARN">Keyword 'Capture Page Screenshot' could not be run on failure: WebDriverException: Message: chrome not reachable
  (Session info: chrome=91.0.4472.77)
</msg>
<msg timestamp="20210530 21:14:22.297" level="FAIL">WebDriverException: Message: chrome not reachable
  (Session info: chrome=91.0.4472.77)
</msg>
<status status="FAIL" starttime="20210530 21:14:09.886" endtime="20210530 21:14:22.297"/>
</kw>
<kw name="Input Text" library="SeleniumLibrary">
<arg>id:FirstName</arg>
<arg>lavanya</arg>
<doc>Types the given ``text`` into the text field identified by ``locator``.</doc>
<status status="NOT RUN" starttime="20210530 21:14:22.297" endtime="20210530 21:14:22.297"/>
</kw>
<kw name="Input Text" library="SeleniumLibrary">
<arg>id:LastName</arg>
<arg>lavi</arg>
<doc>Types the given ``text`` into the text field identified by ``locator``.</doc>
<status status="NOT RUN" starttime="20210530 21:14:22.298" endtime="20210530 21:14:22.298"/>
</kw>
<kw name="Input Text" library="SeleniumLibrary">
<arg>id:Email</arg>
<arg>lavanay@abc.com</arg>
<doc>Types the given ``text`` into the text field identified by ``locator``.</doc>
<status status="NOT RUN" starttime="20210530 21:14:22.298" endtime="20210530 21:14:22.298"/>
</kw>
<kw name="Input Text" library="SeleniumLibrary">
<arg>id:Password</arg>
<arg>lavanya</arg>
<doc>Types the given ``text`` into the text field identified by ``locator``.</doc>
<status status="NOT RUN" starttime="20210530 21:14:22.298" endtime="20210530 21:14:22.298"/>
</kw>
<kw name="Input Text" library="SeleniumLibrary">
<arg>id:ConfirmPassword</arg>
<arg>lavanya</arg>
<doc>Types the given ``text`` into the text field identified by ``locator``.</doc>
<status status="NOT RUN" starttime="20210530 21:14:22.298" endtime="20210530 21:14:22.298"/>
</kw>
<kw name="Close Browser" library="SeleniumLibrary">
<doc>Closes the current browser.</doc>
<status status="NOT RUN" starttime="20210530 21:14:22.298" endtime="20210530 21:14:22.298"/>
</kw>
<status status="FAIL" starttime="20210530 21:13:47.371" endtime="20210530 21:14:22.298">WebDriverException: Message: chrome not reachable
  (Session info: chrome=91.0.4472.77)
</status>
</test>
<status status="FAIL" starttime="20210530 21:13:47.128" endtime="20210530 21:14:22.406"/>
</suite>
<status status="FAIL" starttime="20210530 21:13:47.097" endtime="20210530 21:14:22.408"/>
</suite>
<statistics>
<total>
<stat pass="0" fail="1" skip="0">All Tests</stat>
</total>
<tag>
</tag>
<suite>
<stat pass="0" fail="1" skip="0" id="s1" name="Suites">Suites</stat>
<stat pass="0" fail="1" skip="0" id="s1-s1" name="Waits">Suites.Waits</stat>
</suite>
</statistics>
<errors>
<msg timestamp="20210530 21:14:21.950" level="WARN">Keyword 'Capture Page Screenshot' could not be run on failure: WebDriverException: Message: chrome not reachable
  (Session info: chrome=91.0.4472.77)
</msg>
</errors>
</robot>
