<?xml version="1.0" encoding="UTF-8"?>
<robot generator="Robot 4.0.2 (Python 3.9.1 on win32)" generated="20210530 21:13:47.018" rpa="false" schemaversion="2">
<suite id="s1" name="Suites">
<suite id="s1-s1" name="UserKeywords" source="C:\Users\40006197\PycharmProjects\robot\TestCases\UserKeywords.robot">
<test id="s1-s1-t1" name="TC1">
<kw name="launchBrowser1" library="resources">
<arg>${url}</arg>
<arg>${browser}</arg>
<kw name="Open Browser" library="SeleniumLibrary">
<arg>${appurl}</arg>
<arg>${appbrowser}</arg>
<doc>Opens a new browser instance to the optional ``url``.</doc>
<msg timestamp="20210530 21:13:47.304" level="INFO">Opening browser 'chrome' to base url 'http://demo.guru99.com/test/newtours/index.php'.</msg>
<status status="PASS" starttime="20210530 21:13:47.304" endtime="20210530 21:14:12.405"/>
</kw>
<kw name="Maximize Browser Window" library="SeleniumLibrary">
<doc>Maximizes current browser window.</doc>
<kw name="Capture Page Screenshot" library="SeleniumLibrary">
<doc>Takes a screenshot of the current page and embeds it into a log file.</doc>
<msg timestamp="20210530 21:14:12.415" level="FAIL">NoSuchWindowException: Message: no such window: target window already closed
from unknown error: web view not found
  (Session info: chrome=91.0.4472.77)
</msg>
<status status="FAIL" starttime="20210530 21:14:12.407" endtime="20210530 21:14:12.415"/>
</kw>
<msg timestamp="20210530 21:14:12.415" level="WARN">Keyword 'Capture Page Screenshot' could not be run on failure: NoSuchWindowException: Message: no such window: target window already closed
from unknown error: web view not found
  (Session info: chrome=91.0.4472.77)
</msg>
<msg timestamp="20210530 21:14:12.544" level="FAIL">NoSuchWindowException: Message: no such window: target window already closed
from unknown error: web view not found
  (Session info: chrome=91.0.4472.77)
</msg>
<status status="FAIL" starttime="20210530 21:14:12.405" endtime="20210530 21:14:12.545"/>
</kw>
<status status="FAIL" starttime="20210530 21:13:47.303" endtime="20210530 21:14:12.545"/>
</kw>
<kw name="Input Text" library="SeleniumLibrary">
<arg>name:userName</arg>
<arg>mercury</arg>
<doc>Types the given ``text`` into the text field identified by ``locator``.</doc>
<status status="NOT RUN" starttime="20210530 21:14:12.545" endtime="20210530 21:14:12.546"/>
</kw>
<kw name="Input Text" library="SeleniumLibrary">
<arg>name:password</arg>
<arg>mercury</arg>
<doc>Types the given ``text`` into the text field identified by ``locator``.</doc>
<status status="NOT RUN" starttime="20210530 21:14:12.546" endtime="20210530 21:14:12.546"/>
</kw>
<status status="FAIL" starttime="20210530 21:13:47.302" endtime="20210530 21:14:12.546">NoSuchWindowException: Message: no such window: target window already closed
from unknown error: web view not found
  (Session info: chrome=91.0.4472.77)
</status>
</test>
<test id="s1-s1-t2" name="TC2">
<kw name="launchBrowser2" library="resources">
<var>${app_title}</var>
<arg>${url}</arg>
<arg>${browser}</arg>
<kw name="Open Browser" library="SeleniumLibrary">
<arg>${appurl}</arg>
<arg>${appbrowser}</arg>
<doc>Opens a new browser instance to the optional ``url``.</doc>
<msg timestamp="20210530 21:14:12.731" level="INFO">Opening browser 'chrome' to base url 'http://demo.guru99.com/test/newtours/index.php'.</msg>
<kw name="Capture Page Screenshot" library="SeleniumLibrary">
<doc>Takes a screenshot of the current page and embeds it into a log file.</doc>
<msg timestamp="20210530 21:14:23.761" level="FAIL">WebDriverException: Message: chrome not reachable
  (Session info: chrome=91.0.4472.77)
</msg>
<status status="FAIL" starttime="20210530 21:14:21.341" endtime="20210530 21:14:23.761"/>
</kw>
<msg timestamp="20210530 21:14:23.761" level="WARN">Keyword 'Capture Page Screenshot' could not be run on failure: WebDriverException: Message: chrome not reachable
  (Session info: chrome=91.0.4472.77)
</msg>
<msg timestamp="20210530 21:14:23.763" level="FAIL">WebDriverException: Message: unknown error: cannot determine loading status
from disconnected: received Inspector.detached event
  (Session info: chrome=91.0.4472.77)
</msg>
<status status="FAIL" starttime="20210530 21:14:12.730" endtime="20210530 21:14:23.763"/>
</kw>
<kw name="Maximize Browser Window" library="SeleniumLibrary">
<doc>Maximizes current browser window.</doc>
<status status="NOT RUN" starttime="20210530 21:14:23.763" endtime="20210530 21:14:23.763"/>
</kw>
<kw name="Get Title" library="SeleniumLibrary">
<var>${title}</var>
<doc>Returns the title of the current page.</doc>
<status status="NOT RUN" starttime="20210530 21:14:23.763" endtime="20210530 21:14:23.763"/>
</kw>
<status status="FAIL" starttime="20210530 21:14:12.730" endtime="20210530 21:14:23.764"/>
</kw>
<kw name="Log To Console" library="BuiltIn">
<arg>${app_title}</arg>
<doc>Logs the given message to the console.</doc>
<status status="NOT RUN" starttime="20210530 21:14:23.764" endtime="20210530 21:14:23.764"/>
</kw>
<kw name="Input Text" library="SeleniumLibrary">
<arg>name:userName</arg>
<arg>mercury</arg>
<doc>Types the given ``text`` into the text field identified by ``locator``.</doc>
<status status="NOT RUN" starttime="20210530 21:14:23.764" endtime="20210530 21:14:23.764"/>
</kw>
<kw name="Input Text" library="SeleniumLibrary">
<arg>name:password</arg>
<arg>mercury</arg>
<doc>Types the given ``text`` into the text field identified by ``locator``.</doc>
<status status="NOT RUN" starttime="20210530 21:14:23.764" endtime="20210530 21:14:23.764"/>
</kw>
<status status="FAIL" starttime="20210530 21:14:12.729" endtime="20210530 21:14:23.764">WebDriverException: Message: unknown error: cannot determine loading status
from disconnected: received Inspector.detached event
  (Session info: chrome=91.0.4472.77)
</status>
</test>
<status status="FAIL" starttime="20210530 21:13:47.048" endtime="20210530 21:14:23.765"/>
</suite>
<status status="FAIL" starttime="20210530 21:13:47.020" endtime="20210530 21:14:23.766"/>
</suite>
<statistics>
<total>
<stat pass="0" fail="2" skip="0">All Tests</stat>
</total>
<tag>
</tag>
<suite>
<stat pass="0" fail="2" skip="0" id="s1" name="Suites">Suites</stat>
<stat pass="0" fail="2" skip="0" id="s1-s1" name="UserKeywords">Suites.UserKeywords</stat>
</suite>
</statistics>
<errors>
<msg timestamp="20210530 21:14:12.415" level="WARN">Keyword 'Capture Page Screenshot' could not be run on failure: NoSuchWindowException: Message: no such window: target window already closed
from unknown error: web view not found
  (Session info: chrome=91.0.4472.77)
</msg>
<msg timestamp="20210530 21:14:23.761" level="WARN">Keyword 'Capture Page Screenshot' could not be run on failure: WebDriverException: Message: chrome not reachable
  (Session info: chrome=91.0.4472.77)
</msg>
</errors>
</robot>
