==============================================================================
Suites                                                                        
==============================================================================
Suites.UserKeywords                                                           
==============================================================================
TC1                                                                   | FAIL |
NoSuchWindowException: Message: no such window: target window already closed
from unknown error: web view not found
  (Session info: chrome=91.0.4472.77)
------------------------------------------------------------------------------
TC2                                                                   | FAIL |
WebDriverException: Message: unknown error: cannot determine loading status
from disconnected: received Inspector.detached event
  (Session info: chrome=91.0.4472.77)
------------------------------------------------------------------------------
Suites.UserKeywords                                                   | FAIL |
2 tests, 0 passed, 2 failed
==============================================================================
Suites                                                                | FAIL |
2 tests, 0 passed, 2 failed
==============================================================================
Output:  C:\Users\40006197\PycharmProjects\robot\TestCases\pabot_results\17\output.xml
