<?xml version="1.0" encoding="UTF-8"?>
<robot generator="Robot 4.0.2 (Python 3.9.1 on win32)" generated="20210530 21:12:58.121" rpa="false" schemaversion="2">
<suite id="s1" name="Suites">
<suite id="s1-s1" name="InputBox" source="C:\Users\40006197\PycharmProjects\robot\TestCases\InputBox.robot">
<test id="s1-s1-t1" name="TestingInputBox">
<kw name="Open Browser" library="SeleniumLibrary">
<arg>${url}</arg>
<arg>${browser}</arg>
<doc>Opens a new browser instance to the optional ``url``.</doc>
<msg timestamp="20210530 21:12:58.650" level="INFO">Opening browser 'chrome' to base url 'https://demo.nopcommerce.com/'.</msg>
<kw name="Capture Page Screenshot" library="SeleniumLibrary">
<doc>Takes a screenshot of the current page and embeds it into a log file.</doc>
<msg timestamp="20210530 21:13:03.980" level="FAIL">WebDriverException: Message: chrome not reachable
  (Session info: chrome=91.0.4472.77)
</msg>
<status status="FAIL" starttime="20210530 21:13:01.945" endtime="20210530 21:13:03.980"/>
</kw>
<msg timestamp="20210530 21:13:03.980" level="WARN">Keyword 'Capture Page Screenshot' could not be run on failure: WebDriverException: Message: chrome not reachable
  (Session info: chrome=91.0.4472.77)
</msg>
<msg timestamp="20210530 21:13:04.010" level="FAIL">WebDriverException: Message: unknown error: cannot determine loading status
from disconnected: received Inspector.detached event
  (Session info: chrome=91.0.4472.77)
</msg>
<status status="FAIL" starttime="20210530 21:12:58.650" endtime="20210530 21:13:04.011"/>
</kw>
<kw name="Maximize Browser Window" library="SeleniumLibrary">
<doc>Maximizes current browser window.</doc>
<status status="NOT RUN" starttime="20210530 21:13:04.011" endtime="20210530 21:13:04.011"/>
</kw>
<kw name="Title Should Be" library="SeleniumLibrary">
<arg>nopCommerce demo store</arg>
<doc>Verifies that the current page title equals ``title``.</doc>
<status status="NOT RUN" starttime="20210530 21:13:04.011" endtime="20210530 21:13:04.012"/>
</kw>
<kw name="Click Link" library="SeleniumLibrary">
<arg>xpath://a[@class='ico-login']</arg>
<doc>Clicks a link identified by ``locator``.</doc>
<status status="NOT RUN" starttime="20210530 21:13:04.012" endtime="20210530 21:13:04.012"/>
</kw>
<kw name="Set Variable" library="BuiltIn">
<var>${email_text}</var>
<arg>id:Email</arg>
<doc>Returns the given values which can then be assigned to a variables.</doc>
<status status="NOT RUN" starttime="20210530 21:13:04.012" endtime="20210530 21:13:04.012"/>
</kw>
<kw name="Element Should Be Visible" library="SeleniumLibrary">
<arg>${email_text}</arg>
<doc>Verifies that the element identified by ``locator`` is visible.</doc>
<status status="NOT RUN" starttime="20210530 21:13:04.013" endtime="20210530 21:13:04.013"/>
</kw>
<kw name="Input Text" library="SeleniumLibrary">
<arg>${email_text}</arg>
<arg>pavanLtraining@gmail.com</arg>
<doc>Types the given ``text`` into the text field identified by ``locator``.</doc>
<status status="NOT RUN" starttime="20210530 21:13:04.013" endtime="20210530 21:13:04.013"/>
</kw>
<kw name="Sleep" library="BuiltIn">
<arg>5</arg>
<doc>Pauses the test executed for the given time.</doc>
<status status="NOT RUN" starttime="20210530 21:13:04.013" endtime="20210530 21:13:04.013"/>
</kw>
<kw name="Sleep" library="BuiltIn">
<arg>3</arg>
<doc>Pauses the test executed for the given time.</doc>
<status status="NOT RUN" starttime="20210530 21:13:04.014" endtime="20210530 21:13:04.014"/>
</kw>
<kw name="Close Browser" library="SeleniumLibrary">
<doc>Closes the current browser.</doc>
<status status="NOT RUN" starttime="20210530 21:13:04.014" endtime="20210530 21:13:04.014"/>
</kw>
<status status="FAIL" starttime="20210530 21:12:58.649" endtime="20210530 21:13:04.014">WebDriverException: Message: unknown error: cannot determine loading status
from disconnected: received Inspector.detached event
  (Session info: chrome=91.0.4472.77)
</status>
</test>
<status status="FAIL" starttime="20210530 21:12:58.295" endtime="20210530 21:13:04.076"/>
</suite>
<status status="FAIL" starttime="20210530 21:12:58.216" endtime="20210530 21:13:04.078"/>
</suite>
<statistics>
<total>
<stat pass="0" fail="1" skip="0">All Tests</stat>
</total>
<tag>
</tag>
<suite>
<stat pass="0" fail="1" skip="0" id="s1" name="Suites">Suites</stat>
<stat pass="0" fail="1" skip="0" id="s1-s1" name="InputBox">Suites.InputBox</stat>
</suite>
</statistics>
<errors>
<msg timestamp="20210530 21:13:03.980" level="WARN">Keyword 'Capture Page Screenshot' could not be run on failure: WebDriverException: Message: chrome not reachable
  (Session info: chrome=91.0.4472.77)
</msg>
</errors>
</robot>
